2024-12-29T06:19:21.959Z INFO @wdio/local-runner: Run worker command: run
2024-12-29T06:19:23.374Z INFO webdriver: Initiate new session using the WebDriver protocol
2024-12-29T06:19:23.374Z INFO @wdio/utils: Connecting to existing driver at http://localhost:9515/
2024-12-29T06:19:23.377Z INFO webdriver: [POST] http://localhost:9515/session
2024-12-29T06:19:23.377Z INFO webdriver: DATA {
  capabilities: {
    alwaysMatch: {
      browserName: 'chrome',
      'goog:chromeOptions': [Object],
      webSocketUrl: true,
      unhandledPromptBehavior: 'ignore'
    },
    firstMatch: [ {} ]
  }
}
2024-12-29T06:19:24.405Z INFO webdriver: Register BiDi handler for session with id 98bdd408fcabd32880110dccc968a6b2
2024-12-29T06:19:24.406Z INFO webdriver: Connect to webSocketUrl ws://127.0.0.1:9515/session/98bdd408fcabd32880110dccc968a6b2
2024-12-29T06:19:24.421Z INFO webdriver: Connected session to Bidi protocol
2024-12-29T06:19:24.422Z INFO webdriver: COMMAND getWindowHandle()
2024-12-29T06:19:24.423Z INFO webdriver: BIDI COMMAND session.subscribe {"events":["log.entryAdded","browsingContext.navigationStarted"]}
2024-12-29T06:19:24.424Z INFO webdriver: BIDI COMMAND script.addPreloadScript { functionDeclaration: <PreloadScript[1319 bytes]>, contexts: undefined }
2024-12-29T06:19:24.424Z INFO webdriver: BIDI COMMAND session.subscribe {"events":["browsingContext.navigationStarted","network.responseCompleted","network.beforeRequestSent","network.fetchError"]}
2024-12-29T06:19:24.424Z INFO webdriver: BIDI COMMAND session.subscribe {"events":["browsingContext.userPromptOpened"]}
2024-12-29T06:19:24.424Z INFO webdriver: COMMAND getWindowHandle()
2024-12-29T06:19:24.425Z INFO webdriver: Connected to WebDriver Bidi interface at ws://127.0.0.1:9515/session/98bdd408fcabd32880110dccc968a6b2
2024-12-29T06:19:24.425Z INFO webdriver: [GET] http://localhost:9515/session/98bdd408fcabd32880110dccc968a6b2/window
2024-12-29T06:19:24.426Z INFO webdriver: [GET] http://localhost:9515/session/98bdd408fcabd32880110dccc968a6b2/window
2024-12-29T06:19:24.427Z INFO webdriver: COMMAND getWindowHandle()
2024-12-29T06:19:24.427Z INFO webdriver: [GET] http://localhost:9515/session/98bdd408fcabd32880110dccc968a6b2/window
2024-12-29T06:19:24.434Z INFO webdriver: RESULT 10AC112E513271E1B0FBCB455D91359C
2024-12-29T06:19:24.435Z INFO webdriver: BIDI COMMAND script.callFunction {"functionDeclaration":"<Function[220 bytes]>","awaitPromise":true,"arguments":[{"type":"string","value":"var __defProp = Object.defineProperty;var __name = function (target, value) { return __defProp(target, 'name', { value: value, configurable: true }); };var __globalThis = (typeof globalThis === 'object' && globalThis) || (typeof window === 'object' && window);__globalThis.__name = __name;"}],"target":{"context":"10AC112E513271E1B0FBCB455D91359C"}}
2024-12-29T06:19:24.441Z INFO webdriver: RESULT 10AC112E513271E1B0FBCB455D91359C
2024-12-29T06:19:24.442Z INFO webdriver: RESULT 10AC112E513271E1B0FBCB455D91359C
2024-12-29T06:19:24.442Z INFO webdriver: BIDI COMMAND script.addPreloadScript { functionDeclaration: <PreloadScript[482 bytes]>, contexts: ["10AC112E513271E1B0FBCB455D91359C"] }
2024-12-29T06:19:24.447Z INFO webdriver: BIDI RESULT {"id":1,"result":{},"type":"success"}
2024-12-29T06:19:24.451Z INFO webdriver: BIDI RESULT {"id":2,"result":{"script":"1cafa761-4465-4bcb-aa67-7fdc731ae5c5"},"type":"success"}
2024-12-29T06:19:24.452Z INFO webdriver: BIDI RESULT {"id":3,"result":{},"type":"success"}
2024-12-29T06:19:24.454Z INFO webdriver: BIDI RESULT {"id":4,"result":{},"type":"success"}
2024-12-29T06:19:24.469Z INFO webdriver: BIDI RESULT {"id":5,"result":{"realm":"-4208763209342755481.-8718084802077466596","result":{"type":"undefined"},"type":"success"},"type":"success"}
2024-12-29T06:19:24.471Z INFO webdriver: BIDI RESULT {"id":6,"result":{"script":"869a9748-0337-44cb-bba3-a8aa0029593d"},"type":"success"}
2024-12-29T06:19:24.471Z INFO webdriver: BIDI COMMAND session.subscribe {"events":["script.message"]}
2024-12-29T06:19:24.473Z INFO webdriver: BIDI RESULT {"id":7,"result":{},"type":"success"}
2024-12-29T06:19:24.474Z INFO webdriverio:PolyfillManager: polyfill script added
2024-12-29T06:19:24.684Z INFO webdriver: BIDI COMMAND browsingContext.navigate {"context":"10AC112E513271E1B0FBCB455D91359C","url":"https://www.saucedemo.com/","wait":"complete"}
2024-12-29T06:19:25.172Z INFO webdriver: BIDI RESULT {"id":8,"result":{"navigation":"6f64be7c-a406-4c78-af63-613d26ad47d2","url":"https://www.saucedemo.com/"},"type":"success"}
2024-12-29T06:19:25.184Z INFO webdriver: BIDI COMMAND browsingContext.locateNodes {"locator":{"type":"xpath","value":"//input[@id=\"user-name\"]"},"context":"10AC112E513271E1B0FBCB455D91359C"}
2024-12-29T06:19:25.200Z INFO webdriver: BIDI RESULT {"id":9,"result":{"nodes":[{"sharedId":"f.10AC112E513271E1B0FBCB455D91359C.d.B0929C5634D7AA943D142C23E4D1BE64.e.3","type":"node","value":{"attributes":{"autocapitalize":"none","autocorrect":"off","class":"input_error form_input","data-test":"username","id":"user-name","name":"user-name","placeholder":"Username","type":"text","value":""},"childNodeCount":0,"localName":"input","namespaceURI":"http://www.w3.org/1999/xhtml","nodeType":1,"shadowRoot":{"sharedId":"f.10AC112E513271E1B0FBCB455D91359C.d.B0929C5634D7AA943D142C23E4D1BE64.e.10","type":"node","value":{"childNodeCount":2,"mode":"closed","nodeType":11}}}}]},"type":"success"}
2024-12-29T06:19:25.211Z INFO webdriver: COMMAND elementClear("f.10AC112E513271E1B0FBCB455D91359C.d.B0929C5634D7AA943D142C23E4D1BE64.e.3")
2024-12-29T06:19:25.212Z INFO webdriver: [POST] http://localhost:9515/session/98bdd408fcabd32880110dccc968a6b2/element/f.10AC112E513271E1B0FBCB455D91359C.d.B0929C5634D7AA943D142C23E4D1BE64.e.3/clear
2024-12-29T06:19:25.286Z INFO webdriver: RESULT null
2024-12-29T06:19:25.288Z INFO webdriver: COMMAND elementSendKeys("f.10AC112E513271E1B0FBCB455D91359C.d.B0929C5634D7AA943D142C23E4D1BE64.e.3", "standard_user")
2024-12-29T06:19:25.289Z INFO webdriver: [POST] http://localhost:9515/session/98bdd408fcabd32880110dccc968a6b2/element/f.10AC112E513271E1B0FBCB455D91359C.d.B0929C5634D7AA943D142C23E4D1BE64.e.3/value
2024-12-29T06:19:25.289Z INFO webdriver: DATA { text: 'standard_user' }
2024-12-29T06:19:25.439Z INFO webdriver: RESULT null
2024-12-29T06:19:25.442Z INFO webdriver: BIDI COMMAND browsingContext.locateNodes {"locator":{"type":"xpath","value":"//input[@id=\"password\"]"},"context":"10AC112E513271E1B0FBCB455D91359C"}
2024-12-29T06:19:25.451Z INFO webdriver: BIDI RESULT {"id":10,"result":{"nodes":[{"sharedId":"f.10AC112E513271E1B0FBCB455D91359C.d.B0929C5634D7AA943D142C23E4D1BE64.e.5","type":"node","value":{"attributes":{"autocapitalize":"none","autocorrect":"off","class":"input_error form_input","data-test":"password","id":"password","name":"password","placeholder":"Password","type":"password","value":""},"childNodeCount":0,"localName":"input","namespaceURI":"http://www.w3.org/1999/xhtml","nodeType":1,"shadowRoot":{"sharedId":"f.10AC112E513271E1B0FBCB455D91359C.d.B0929C5634D7AA943D142C23E4D1BE64.e.12","type":"node","value":{"childNodeCount":2,"mode":"closed","nodeType":11}}}}]},"type":"success"}
2024-12-29T06:19:25.455Z INFO webdriver: COMMAND elementClear("f.10AC112E513271E1B0FBCB455D91359C.d.B0929C5634D7AA943D142C23E4D1BE64.e.5")
2024-12-29T06:19:25.455Z INFO webdriver: [POST] http://localhost:9515/session/98bdd408fcabd32880110dccc968a6b2/element/f.10AC112E513271E1B0FBCB455D91359C.d.B0929C5634D7AA943D142C23E4D1BE64.e.5/clear
2024-12-29T06:19:25.492Z INFO webdriver: RESULT null
2024-12-29T06:19:25.494Z INFO webdriver: COMMAND elementSendKeys("f.10AC112E513271E1B0FBCB455D91359C.d.B0929C5634D7AA943D142C23E4D1BE64.e.5", "secret_sauce")
2024-12-29T06:19:25.495Z INFO webdriver: [POST] http://localhost:9515/session/98bdd408fcabd32880110dccc968a6b2/element/f.10AC112E513271E1B0FBCB455D91359C.d.B0929C5634D7AA943D142C23E4D1BE64.e.5/value
2024-12-29T06:19:25.495Z INFO webdriver: DATA { text: 'secret_sauce' }
2024-12-29T06:19:25.561Z INFO webdriver: RESULT null
2024-12-29T06:19:25.562Z INFO webdriver: BIDI COMMAND browsingContext.locateNodes {"locator":{"type":"xpath","value":"//input[@id=\"login-button\"]"},"context":"10AC112E513271E1B0FBCB455D91359C"}
2024-12-29T06:19:25.566Z INFO webdriver: BIDI RESULT {"id":11,"result":{"nodes":[{"sharedId":"f.10AC112E513271E1B0FBCB455D91359C.d.B0929C5634D7AA943D142C23E4D1BE64.e.6","type":"node","value":{"attributes":{"class":"submit-button btn_action","data-test":"login-button","id":"login-button","name":"login-button","type":"submit","value":"Login"},"childNodeCount":0,"localName":"input","namespaceURI":"http://www.w3.org/1999/xhtml","nodeType":1,"shadowRoot":{"sharedId":"f.10AC112E513271E1B0FBCB455D91359C.d.B0929C5634D7AA943D142C23E4D1BE64.e.13","type":"node","value":{"childNodeCount":1,"mode":"closed","nodeType":11}}}}]},"type":"success"}
2024-12-29T06:19:25.568Z INFO webdriver: COMMAND elementClick("f.10AC112E513271E1B0FBCB455D91359C.d.B0929C5634D7AA943D142C23E4D1BE64.e.6")
2024-12-29T06:19:25.568Z INFO webdriver: [POST] http://localhost:9515/session/98bdd408fcabd32880110dccc968a6b2/element/f.10AC112E513271E1B0FBCB455D91359C.d.B0929C5634D7AA943D142C23E4D1BE64.e.6/click
2024-12-29T06:19:25.689Z INFO webdriver: RESULT null
2024-12-29T06:19:25.695Z INFO webdriver: BIDI COMMAND browsingContext.locateNodes {"locator":{"type":"xpath","value":"//span[@class=\"title\"]"},"context":"10AC112E513271E1B0FBCB455D91359C"}
2024-12-29T06:19:25.709Z INFO webdriver: BIDI RESULT {"id":12,"result":{"nodes":[{"sharedId":"f.10AC112E513271E1B0FBCB455D91359C.d.B0929C5634D7AA943D142C23E4D1BE64.e.29","type":"node","value":{"attributes":{"class":"title","data-test":"title"},"childNodeCount":1,"localName":"span","namespaceURI":"http://www.w3.org/1999/xhtml","nodeType":1,"shadowRoot":null}}]},"type":"success"}
2024-12-29T06:19:25.713Z INFO webdriver: BIDI COMMAND script.callFunction {"functionDeclaration":"<Function[5574 bytes]>","awaitPromise":true,"arguments":[{"sharedId":"f.10AC112E513271E1B0FBCB455D91359C.d.B0929C5634D7AA943D142C23E4D1BE64.e.29"}],"target":{"context":"10AC112E513271E1B0FBCB455D91359C"}}
2024-12-29T06:19:25.724Z INFO webdriver: BIDI RESULT {"id":13,"result":{"realm":"8223003848237589998.-6568385200467470169","result":{"type":"boolean","value":true},"type":"success"},"type":"success"}
2024-12-29T06:19:25.724Z INFO webdriver: BIDI COMMAND script.callFunction {"functionDeclaration":"<Function[5574 bytes]>","awaitPromise":true,"arguments":[{"sharedId":"f.10AC112E513271E1B0FBCB455D91359C.d.B0929C5634D7AA943D142C23E4D1BE64.e.29"}],"target":{"context":"10AC112E513271E1B0FBCB455D91359C"}}
2024-12-29T06:19:25.729Z INFO webdriver: BIDI RESULT {"id":14,"result":{"realm":"8223003848237589998.-6568385200467470169","result":{"type":"boolean","value":true},"type":"success"},"type":"success"}
2024-12-29T06:19:25.736Z INFO webdriver: BIDI COMMAND browsingContext.navigate {"context":"10AC112E513271E1B0FBCB455D91359C","url":"https://www.saucedemo.com/","wait":"complete"}
2024-12-29T06:19:25.814Z INFO webdriver: BIDI RESULT {"id":15,"result":{"navigation":"308cbb85-7fbb-4bea-8d1c-d4a8de622329","url":"https://www.saucedemo.com/"},"type":"success"}
2024-12-29T06:19:25.816Z INFO webdriver: BIDI COMMAND browsingContext.locateNodes {"locator":{"type":"xpath","value":"//input[@id=\"user-name\"]"},"context":"10AC112E513271E1B0FBCB455D91359C"}
2024-12-29T06:19:25.836Z INFO webdriver: BIDI RESULT {"id":16,"result":{"nodes":[{"sharedId":"f.10AC112E513271E1B0FBCB455D91359C.d.A7134A17CF923386242D125263E00EA8.e.31","type":"node","value":{"attributes":{"autocapitalize":"none","autocorrect":"off","class":"input_error form_input","data-test":"username","id":"user-name","name":"user-name","placeholder":"Username","type":"text","value":""},"childNodeCount":0,"localName":"input","namespaceURI":"http://www.w3.org/1999/xhtml","nodeType":1,"shadowRoot":{"sharedId":"f.10AC112E513271E1B0FBCB455D91359C.d.A7134A17CF923386242D125263E00EA8.e.38","type":"node","value":{"childNodeCount":2,"mode":"closed","nodeType":11}}}}]},"type":"success"}
2024-12-29T06:19:25.840Z INFO webdriver: COMMAND elementClear("f.10AC112E513271E1B0FBCB455D91359C.d.A7134A17CF923386242D125263E00EA8.e.31")
2024-12-29T06:19:25.840Z INFO webdriver: [POST] http://localhost:9515/session/98bdd408fcabd32880110dccc968a6b2/element/f.10AC112E513271E1B0FBCB455D91359C.d.A7134A17CF923386242D125263E00EA8.e.31/clear
2024-12-29T06:19:25.894Z INFO webdriver: RESULT null
2024-12-29T06:19:25.898Z INFO webdriver: COMMAND elementSendKeys("f.10AC112E513271E1B0FBCB455D91359C.d.A7134A17CF923386242D125263E00EA8.e.31", "")
2024-12-29T06:19:25.899Z INFO webdriver: [POST] http://localhost:9515/session/98bdd408fcabd32880110dccc968a6b2/element/f.10AC112E513271E1B0FBCB455D91359C.d.A7134A17CF923386242D125263E00EA8.e.31/value
2024-12-29T06:19:25.899Z INFO webdriver: DATA { text: '' }
2024-12-29T06:19:25.959Z INFO webdriver: RESULT null
2024-12-29T06:19:25.961Z INFO webdriver: BIDI COMMAND browsingContext.locateNodes {"locator":{"type":"xpath","value":"//input[@id=\"password\"]"},"context":"10AC112E513271E1B0FBCB455D91359C"}
2024-12-29T06:19:25.966Z INFO webdriver: BIDI RESULT {"id":17,"result":{"nodes":[{"sharedId":"f.10AC112E513271E1B0FBCB455D91359C.d.A7134A17CF923386242D125263E00EA8.e.33","type":"node","value":{"attributes":{"autocapitalize":"none","autocorrect":"off","class":"input_error form_input","data-test":"password","id":"password","name":"password","placeholder":"Password","type":"password","value":""},"childNodeCount":0,"localName":"input","namespaceURI":"http://www.w3.org/1999/xhtml","nodeType":1,"shadowRoot":{"sharedId":"f.10AC112E513271E1B0FBCB455D91359C.d.A7134A17CF923386242D125263E00EA8.e.40","type":"node","value":{"childNodeCount":2,"mode":"closed","nodeType":11}}}}]},"type":"success"}
2024-12-29T06:19:25.968Z INFO webdriver: COMMAND elementClear("f.10AC112E513271E1B0FBCB455D91359C.d.A7134A17CF923386242D125263E00EA8.e.33")
2024-12-29T06:19:25.968Z INFO webdriver: [POST] http://localhost:9515/session/98bdd408fcabd32880110dccc968a6b2/element/f.10AC112E513271E1B0FBCB455D91359C.d.A7134A17CF923386242D125263E00EA8.e.33/clear
2024-12-29T06:19:25.999Z INFO webdriver: RESULT null
2024-12-29T06:19:26.001Z INFO webdriver: COMMAND elementSendKeys("f.10AC112E513271E1B0FBCB455D91359C.d.A7134A17CF923386242D125263E00EA8.e.33", "secret_sauce")
2024-12-29T06:19:26.001Z INFO webdriver: [POST] http://localhost:9515/session/98bdd408fcabd32880110dccc968a6b2/element/f.10AC112E513271E1B0FBCB455D91359C.d.A7134A17CF923386242D125263E00EA8.e.33/value
2024-12-29T06:19:26.001Z INFO webdriver: DATA { text: 'secret_sauce' }
2024-12-29T06:19:26.074Z INFO webdriver: RESULT null
2024-12-29T06:19:26.075Z INFO webdriver: BIDI COMMAND browsingContext.locateNodes {"locator":{"type":"xpath","value":"//input[@id=\"login-button\"]"},"context":"10AC112E513271E1B0FBCB455D91359C"}
2024-12-29T06:19:26.078Z INFO webdriver: BIDI RESULT {"id":18,"result":{"nodes":[{"sharedId":"f.10AC112E513271E1B0FBCB455D91359C.d.A7134A17CF923386242D125263E00EA8.e.34","type":"node","value":{"attributes":{"class":"submit-button btn_action","data-test":"login-button","id":"login-button","name":"login-button","type":"submit","value":"Login"},"childNodeCount":0,"localName":"input","namespaceURI":"http://www.w3.org/1999/xhtml","nodeType":1,"shadowRoot":{"sharedId":"f.10AC112E513271E1B0FBCB455D91359C.d.A7134A17CF923386242D125263E00EA8.e.41","type":"node","value":{"childNodeCount":1,"mode":"closed","nodeType":11}}}}]},"type":"success"}
2024-12-29T06:19:26.080Z INFO webdriver: COMMAND elementClick("f.10AC112E513271E1B0FBCB455D91359C.d.A7134A17CF923386242D125263E00EA8.e.34")
2024-12-29T06:19:26.080Z INFO webdriver: [POST] http://localhost:9515/session/98bdd408fcabd32880110dccc968a6b2/element/f.10AC112E513271E1B0FBCB455D91359C.d.A7134A17CF923386242D125263E00EA8.e.34/click
2024-12-29T06:19:26.150Z INFO webdriver: RESULT null
2024-12-29T06:19:26.152Z INFO webdriver: BIDI COMMAND browsingContext.locateNodes {"locator":{"type":"xpath","value":"//h3[@data-test=\"error\"]"},"context":"10AC112E513271E1B0FBCB455D91359C"}
2024-12-29T06:19:26.156Z INFO webdriver: BIDI RESULT {"id":19,"result":{"nodes":[{"sharedId":"f.10AC112E513271E1B0FBCB455D91359C.d.A7134A17CF923386242D125263E00EA8.e.42","type":"node","value":{"attributes":{"data-test":"error"},"childNodeCount":2,"localName":"h3","namespaceURI":"http://www.w3.org/1999/xhtml","nodeType":1,"shadowRoot":null}}]},"type":"success"}
2024-12-29T06:19:26.158Z INFO webdriver: COMMAND getElementText("f.10AC112E513271E1B0FBCB455D91359C.d.A7134A17CF923386242D125263E00EA8.e.42")
2024-12-29T06:19:26.158Z INFO webdriver: [GET] http://localhost:9515/session/98bdd408fcabd32880110dccc968a6b2/element/f.10AC112E513271E1B0FBCB455D91359C.d.A7134A17CF923386242D125263E00EA8.e.42/text
2024-12-29T06:19:26.175Z INFO webdriver: RESULT Epic sadface: Username is required
2024-12-29T06:19:26.177Z INFO webdriver: BIDI COMMAND script.callFunction {"functionDeclaration":"<Function[5574 bytes]>","awaitPromise":true,"arguments":[{"sharedId":"f.10AC112E513271E1B0FBCB455D91359C.d.A7134A17CF923386242D125263E00EA8.e.42"}],"target":{"context":"10AC112E513271E1B0FBCB455D91359C"}}
2024-12-29T06:19:26.184Z INFO webdriver: BIDI RESULT {"id":20,"result":{"realm":"-4273344616197893807.-2217153648001670904","result":{"type":"boolean","value":true},"type":"success"},"type":"success"}
2024-12-29T06:19:26.187Z INFO webdriver: BIDI COMMAND browsingContext.locateNodes {"locator":{"type":"xpath","value":"//button[@class=\"error-button\"]"},"context":"10AC112E513271E1B0FBCB455D91359C"}
2024-12-29T06:19:26.191Z INFO webdriver: BIDI RESULT {"id":21,"result":{"nodes":[{"sharedId":"f.10AC112E513271E1B0FBCB455D91359C.d.A7134A17CF923386242D125263E00EA8.e.43","type":"node","value":{"attributes":{"class":"error-button","data-test":"error-button"},"childNodeCount":1,"localName":"button","namespaceURI":"http://www.w3.org/1999/xhtml","nodeType":1,"shadowRoot":null}}]},"type":"success"}
2024-12-29T06:19:26.193Z INFO webdriver: BIDI COMMAND script.callFunction {"functionDeclaration":"<Function[5574 bytes]>","awaitPromise":true,"arguments":[{"sharedId":"f.10AC112E513271E1B0FBCB455D91359C.d.A7134A17CF923386242D125263E00EA8.e.43"}],"target":{"context":"10AC112E513271E1B0FBCB455D91359C"}}
2024-12-29T06:19:26.198Z INFO webdriver: BIDI RESULT {"id":22,"result":{"realm":"-4273344616197893807.-2217153648001670904","result":{"type":"boolean","value":true},"type":"success"},"type":"success"}
2024-12-29T06:19:26.198Z INFO webdriver: COMMAND elementClick("f.10AC112E513271E1B0FBCB455D91359C.d.A7134A17CF923386242D125263E00EA8.e.43")
2024-12-29T06:19:26.199Z INFO webdriver: [POST] http://localhost:9515/session/98bdd408fcabd32880110dccc968a6b2/element/f.10AC112E513271E1B0FBCB455D91359C.d.A7134A17CF923386242D125263E00EA8.e.43/click
2024-12-29T06:19:26.266Z INFO webdriver: RESULT null
2024-12-29T06:19:26.268Z INFO webdriver: BIDI COMMAND browsingContext.locateNodes {"locator":{"type":"xpath","value":"//h3[@data-test=\"error\"]"},"context":"10AC112E513271E1B0FBCB455D91359C"}
2024-12-29T06:19:26.272Z INFO webdriver: BIDI RESULT {"id":23,"result":{"nodes":[]},"type":"success"}
2024-12-29T06:19:26.274Z INFO webdriver: BIDI COMMAND browsingContext.locateNodes {"locator":{"type":"xpath","value":"//h3[@data-test=\"error\"]"},"context":"10AC112E513271E1B0FBCB455D91359C"}
2024-12-29T06:19:26.279Z INFO webdriver: BIDI RESULT {"id":24,"result":{"nodes":[]},"type":"success"}
2024-12-29T06:19:26.285Z INFO webdriver: BIDI COMMAND browsingContext.navigate {"context":"10AC112E513271E1B0FBCB455D91359C","url":"https://www.saucedemo.com/","wait":"complete"}
2024-12-29T06:19:26.352Z INFO webdriver: BIDI RESULT {"id":25,"result":{"navigation":"3d2a40ad-5762-4238-b753-bf46f339e361","url":"https://www.saucedemo.com/"},"type":"success"}
2024-12-29T06:19:26.355Z INFO webdriver: BIDI COMMAND browsingContext.locateNodes {"locator":{"type":"xpath","value":"//input[@id=\"user-name\"]"},"context":"10AC112E513271E1B0FBCB455D91359C"}
2024-12-29T06:19:26.365Z INFO webdriver: BIDI RESULT {"id":26,"result":{"nodes":[{"sharedId":"f.10AC112E513271E1B0FBCB455D91359C.d.9C0C89DB8A9E8E9891F2D1EA17AD959C.e.45","type":"node","value":{"attributes":{"autocapitalize":"none","autocorrect":"off","class":"input_error form_input","data-test":"username","id":"user-name","name":"user-name","placeholder":"Username","type":"text","value":""},"childNodeCount":0,"localName":"input","namespaceURI":"http://www.w3.org/1999/xhtml","nodeType":1,"shadowRoot":{"sharedId":"f.10AC112E513271E1B0FBCB455D91359C.d.9C0C89DB8A9E8E9891F2D1EA17AD959C.e.49","type":"node","value":{"childNodeCount":2,"mode":"closed","nodeType":11}}}}]},"type":"success"}
2024-12-29T06:19:26.368Z INFO webdriver: COMMAND elementClear("f.10AC112E513271E1B0FBCB455D91359C.d.9C0C89DB8A9E8E9891F2D1EA17AD959C.e.45")
2024-12-29T06:19:26.368Z INFO webdriver: [POST] http://localhost:9515/session/98bdd408fcabd32880110dccc968a6b2/element/f.10AC112E513271E1B0FBCB455D91359C.d.9C0C89DB8A9E8E9891F2D1EA17AD959C.e.45/clear
2024-12-29T06:19:26.406Z INFO webdriver: RESULT null
2024-12-29T06:19:26.408Z INFO webdriver: COMMAND elementSendKeys("f.10AC112E513271E1B0FBCB455D91359C.d.9C0C89DB8A9E8E9891F2D1EA17AD959C.e.45", "standard_user")
2024-12-29T06:19:26.408Z INFO webdriver: [POST] http://localhost:9515/session/98bdd408fcabd32880110dccc968a6b2/element/f.10AC112E513271E1B0FBCB455D91359C.d.9C0C89DB8A9E8E9891F2D1EA17AD959C.e.45/value
2024-12-29T06:19:26.408Z INFO webdriver: DATA { text: 'standard_user' }
2024-12-29T06:19:26.502Z INFO webdriver: RESULT null
2024-12-29T06:19:26.503Z INFO webdriver: BIDI COMMAND browsingContext.locateNodes {"locator":{"type":"xpath","value":"//input[@id=\"password\"]"},"context":"10AC112E513271E1B0FBCB455D91359C"}
2024-12-29T06:19:26.506Z INFO webdriver: BIDI RESULT {"id":27,"result":{"nodes":[{"sharedId":"f.10AC112E513271E1B0FBCB455D91359C.d.9C0C89DB8A9E8E9891F2D1EA17AD959C.e.47","type":"node","value":{"attributes":{"autocapitalize":"none","autocorrect":"off","class":"input_error form_input","data-test":"password","id":"password","name":"password","placeholder":"Password","type":"password","value":""},"childNodeCount":0,"localName":"input","namespaceURI":"http://www.w3.org/1999/xhtml","nodeType":1,"shadowRoot":{"sharedId":"f.10AC112E513271E1B0FBCB455D91359C.d.9C0C89DB8A9E8E9891F2D1EA17AD959C.e.53","type":"node","value":{"childNodeCount":2,"mode":"closed","nodeType":11}}}}]},"type":"success"}
2024-12-29T06:19:26.508Z INFO webdriver: COMMAND elementClear("f.10AC112E513271E1B0FBCB455D91359C.d.9C0C89DB8A9E8E9891F2D1EA17AD959C.e.47")
2024-12-29T06:19:26.508Z INFO webdriver: [POST] http://localhost:9515/session/98bdd408fcabd32880110dccc968a6b2/element/f.10AC112E513271E1B0FBCB455D91359C.d.9C0C89DB8A9E8E9891F2D1EA17AD959C.e.47/clear
2024-12-29T06:19:26.532Z INFO webdriver: RESULT null
2024-12-29T06:19:26.534Z INFO webdriver: COMMAND elementSendKeys("f.10AC112E513271E1B0FBCB455D91359C.d.9C0C89DB8A9E8E9891F2D1EA17AD959C.e.47", "")
2024-12-29T06:19:26.534Z INFO webdriver: [POST] http://localhost:9515/session/98bdd408fcabd32880110dccc968a6b2/element/f.10AC112E513271E1B0FBCB455D91359C.d.9C0C89DB8A9E8E9891F2D1EA17AD959C.e.47/value
2024-12-29T06:19:26.534Z INFO webdriver: DATA { text: '' }
2024-12-29T06:19:26.580Z INFO webdriver: RESULT null
2024-12-29T06:19:26.581Z INFO webdriver: BIDI COMMAND browsingContext.locateNodes {"locator":{"type":"xpath","value":"//input[@id=\"login-button\"]"},"context":"10AC112E513271E1B0FBCB455D91359C"}
2024-12-29T06:19:26.585Z INFO webdriver: BIDI RESULT {"id":28,"result":{"nodes":[{"sharedId":"f.10AC112E513271E1B0FBCB455D91359C.d.9C0C89DB8A9E8E9891F2D1EA17AD959C.e.48","type":"node","value":{"attributes":{"class":"submit-button btn_action","data-test":"login-button","id":"login-button","name":"login-button","type":"submit","value":"Login"},"childNodeCount":0,"localName":"input","namespaceURI":"http://www.w3.org/1999/xhtml","nodeType":1,"shadowRoot":{"sharedId":"f.10AC112E513271E1B0FBCB455D91359C.d.9C0C89DB8A9E8E9891F2D1EA17AD959C.e.54","type":"node","value":{"childNodeCount":1,"mode":"closed","nodeType":11}}}}]},"type":"success"}
2024-12-29T06:19:26.586Z INFO webdriver: COMMAND elementClick("f.10AC112E513271E1B0FBCB455D91359C.d.9C0C89DB8A9E8E9891F2D1EA17AD959C.e.48")
2024-12-29T06:19:26.586Z INFO webdriver: [POST] http://localhost:9515/session/98bdd408fcabd32880110dccc968a6b2/element/f.10AC112E513271E1B0FBCB455D91359C.d.9C0C89DB8A9E8E9891F2D1EA17AD959C.e.48/click
2024-12-29T06:19:26.651Z INFO webdriver: RESULT null
2024-12-29T06:19:26.654Z INFO webdriver: BIDI COMMAND browsingContext.locateNodes {"locator":{"type":"xpath","value":"//h3[@data-test=\"error\"]"},"context":"10AC112E513271E1B0FBCB455D91359C"}
2024-12-29T06:19:26.660Z INFO webdriver: BIDI RESULT {"id":29,"result":{"nodes":[{"sharedId":"f.10AC112E513271E1B0FBCB455D91359C.d.9C0C89DB8A9E8E9891F2D1EA17AD959C.e.55","type":"node","value":{"attributes":{"data-test":"error"},"childNodeCount":2,"localName":"h3","namespaceURI":"http://www.w3.org/1999/xhtml","nodeType":1,"shadowRoot":null}}]},"type":"success"}
2024-12-29T06:19:26.662Z INFO webdriver: COMMAND getElementText("f.10AC112E513271E1B0FBCB455D91359C.d.9C0C89DB8A9E8E9891F2D1EA17AD959C.e.55")
2024-12-29T06:19:26.662Z INFO webdriver: [GET] http://localhost:9515/session/98bdd408fcabd32880110dccc968a6b2/element/f.10AC112E513271E1B0FBCB455D91359C.d.9C0C89DB8A9E8E9891F2D1EA17AD959C.e.55/text
2024-12-29T06:19:26.676Z INFO webdriver: RESULT Epic sadface: Password is required
2024-12-29T06:19:26.677Z INFO webdriver: BIDI COMMAND script.callFunction {"functionDeclaration":"<Function[5574 bytes]>","awaitPromise":true,"arguments":[{"sharedId":"f.10AC112E513271E1B0FBCB455D91359C.d.9C0C89DB8A9E8E9891F2D1EA17AD959C.e.55"}],"target":{"context":"10AC112E513271E1B0FBCB455D91359C"}}
2024-12-29T06:19:26.689Z INFO webdriver: BIDI RESULT {"id":30,"result":{"realm":"-5158215365327541953.1857138380722029445","result":{"type":"boolean","value":true},"type":"success"},"type":"success"}
2024-12-29T06:19:26.691Z INFO webdriver: BIDI COMMAND browsingContext.locateNodes {"locator":{"type":"xpath","value":"//button[@class=\"error-button\"]"},"context":"10AC112E513271E1B0FBCB455D91359C"}
2024-12-29T06:19:26.696Z INFO webdriver: BIDI RESULT {"id":31,"result":{"nodes":[{"sharedId":"f.10AC112E513271E1B0FBCB455D91359C.d.9C0C89DB8A9E8E9891F2D1EA17AD959C.e.56","type":"node","value":{"attributes":{"class":"error-button","data-test":"error-button"},"childNodeCount":1,"localName":"button","namespaceURI":"http://www.w3.org/1999/xhtml","nodeType":1,"shadowRoot":null}}]},"type":"success"}
2024-12-29T06:19:26.699Z INFO webdriver: BIDI COMMAND script.callFunction {"functionDeclaration":"<Function[5574 bytes]>","awaitPromise":true,"arguments":[{"sharedId":"f.10AC112E513271E1B0FBCB455D91359C.d.9C0C89DB8A9E8E9891F2D1EA17AD959C.e.56"}],"target":{"context":"10AC112E513271E1B0FBCB455D91359C"}}
2024-12-29T06:19:26.707Z INFO webdriver: BIDI RESULT {"id":32,"result":{"realm":"-5158215365327541953.1857138380722029445","result":{"type":"boolean","value":true},"type":"success"},"type":"success"}
2024-12-29T06:19:26.707Z INFO webdriver: COMMAND elementClick("f.10AC112E513271E1B0FBCB455D91359C.d.9C0C89DB8A9E8E9891F2D1EA17AD959C.e.56")
2024-12-29T06:19:26.708Z INFO webdriver: [POST] http://localhost:9515/session/98bdd408fcabd32880110dccc968a6b2/element/f.10AC112E513271E1B0FBCB455D91359C.d.9C0C89DB8A9E8E9891F2D1EA17AD959C.e.56/click
2024-12-29T06:19:26.780Z INFO webdriver: RESULT null
2024-12-29T06:19:26.782Z INFO webdriver: BIDI COMMAND browsingContext.locateNodes {"locator":{"type":"xpath","value":"//h3[@data-test=\"error\"]"},"context":"10AC112E513271E1B0FBCB455D91359C"}
2024-12-29T06:19:26.786Z INFO webdriver: BIDI RESULT {"id":33,"result":{"nodes":[]},"type":"success"}
2024-12-29T06:19:26.788Z INFO webdriver: BIDI COMMAND browsingContext.locateNodes {"locator":{"type":"xpath","value":"//h3[@data-test=\"error\"]"},"context":"10AC112E513271E1B0FBCB455D91359C"}
2024-12-29T06:19:26.796Z INFO webdriver: BIDI RESULT {"id":34,"result":{"nodes":[]},"type":"success"}
2024-12-29T06:19:26.803Z INFO webdriver: BIDI COMMAND browsingContext.navigate {"context":"10AC112E513271E1B0FBCB455D91359C","url":"https://www.saucedemo.com/","wait":"complete"}
2024-12-29T06:19:26.864Z INFO webdriver: BIDI RESULT {"id":35,"result":{"navigation":"e81537c0-254e-41b9-970f-1497cb5b022a","url":"https://www.saucedemo.com/"},"type":"success"}
2024-12-29T06:19:26.867Z INFO webdriver: BIDI COMMAND browsingContext.locateNodes {"locator":{"type":"xpath","value":"//input[@id=\"user-name\"]"},"context":"10AC112E513271E1B0FBCB455D91359C"}
2024-12-29T06:19:26.873Z INFO webdriver: BIDI RESULT {"id":36,"result":{"nodes":[{"sharedId":"f.10AC112E513271E1B0FBCB455D91359C.d.27F78DDE8108AD022FBADFF5D49A5CCE.e.58","type":"node","value":{"attributes":{"autocapitalize":"none","autocorrect":"off","class":"input_error form_input","data-test":"username","id":"user-name","name":"user-name","placeholder":"Username","type":"text","value":""},"childNodeCount":0,"localName":"input","namespaceURI":"http://www.w3.org/1999/xhtml","nodeType":1,"shadowRoot":{"sharedId":"f.10AC112E513271E1B0FBCB455D91359C.d.27F78DDE8108AD022FBADFF5D49A5CCE.e.62","type":"node","value":{"childNodeCount":2,"mode":"closed","nodeType":11}}}}]},"type":"success"}
2024-12-29T06:19:26.875Z INFO webdriver: COMMAND elementClear("f.10AC112E513271E1B0FBCB455D91359C.d.27F78DDE8108AD022FBADFF5D49A5CCE.e.58")
2024-12-29T06:19:26.875Z INFO webdriver: [POST] http://localhost:9515/session/98bdd408fcabd32880110dccc968a6b2/element/f.10AC112E513271E1B0FBCB455D91359C.d.27F78DDE8108AD022FBADFF5D49A5CCE.e.58/clear
2024-12-29T06:19:26.910Z INFO webdriver: RESULT null
2024-12-29T06:19:26.912Z INFO webdriver: COMMAND elementSendKeys("f.10AC112E513271E1B0FBCB455D91359C.d.27F78DDE8108AD022FBADFF5D49A5CCE.e.58", "standard_user")
2024-12-29T06:19:26.912Z INFO webdriver: [POST] http://localhost:9515/session/98bdd408fcabd32880110dccc968a6b2/element/f.10AC112E513271E1B0FBCB455D91359C.d.27F78DDE8108AD022FBADFF5D49A5CCE.e.58/value
2024-12-29T06:19:26.912Z INFO webdriver: DATA { text: 'standard_user' }
2024-12-29T06:19:26.996Z INFO webdriver: RESULT null
2024-12-29T06:19:26.998Z INFO webdriver: BIDI COMMAND browsingContext.locateNodes {"locator":{"type":"xpath","value":"//input[@id=\"password\"]"},"context":"10AC112E513271E1B0FBCB455D91359C"}
2024-12-29T06:19:27.002Z INFO webdriver: BIDI RESULT {"id":37,"result":{"nodes":[{"sharedId":"f.10AC112E513271E1B0FBCB455D91359C.d.27F78DDE8108AD022FBADFF5D49A5CCE.e.60","type":"node","value":{"attributes":{"autocapitalize":"none","autocorrect":"off","class":"input_error form_input","data-test":"password","id":"password","name":"password","placeholder":"Password","type":"password","value":""},"childNodeCount":0,"localName":"input","namespaceURI":"http://www.w3.org/1999/xhtml","nodeType":1,"shadowRoot":{"sharedId":"f.10AC112E513271E1B0FBCB455D91359C.d.27F78DDE8108AD022FBADFF5D49A5CCE.e.66","type":"node","value":{"childNodeCount":2,"mode":"closed","nodeType":11}}}}]},"type":"success"}
2024-12-29T06:19:27.004Z INFO webdriver: COMMAND elementClear("f.10AC112E513271E1B0FBCB455D91359C.d.27F78DDE8108AD022FBADFF5D49A5CCE.e.60")
2024-12-29T06:19:27.004Z INFO webdriver: [POST] http://localhost:9515/session/98bdd408fcabd32880110dccc968a6b2/element/f.10AC112E513271E1B0FBCB455D91359C.d.27F78DDE8108AD022FBADFF5D49A5CCE.e.60/clear
2024-12-29T06:19:27.028Z INFO webdriver: RESULT null
2024-12-29T06:19:27.029Z INFO webdriver: COMMAND elementSendKeys("f.10AC112E513271E1B0FBCB455D91359C.d.27F78DDE8108AD022FBADFF5D49A5CCE.e.60", "secret_")
2024-12-29T06:19:27.030Z INFO webdriver: [POST] http://localhost:9515/session/98bdd408fcabd32880110dccc968a6b2/element/f.10AC112E513271E1B0FBCB455D91359C.d.27F78DDE8108AD022FBADFF5D49A5CCE.e.60/value
2024-12-29T06:19:27.030Z INFO webdriver: DATA { text: 'secret_' }
2024-12-29T06:19:27.096Z INFO webdriver: RESULT null
2024-12-29T06:19:27.097Z INFO webdriver: BIDI COMMAND browsingContext.locateNodes {"locator":{"type":"xpath","value":"//input[@id=\"login-button\"]"},"context":"10AC112E513271E1B0FBCB455D91359C"}
2024-12-29T06:19:27.100Z INFO webdriver: BIDI RESULT {"id":38,"result":{"nodes":[{"sharedId":"f.10AC112E513271E1B0FBCB455D91359C.d.27F78DDE8108AD022FBADFF5D49A5CCE.e.61","type":"node","value":{"attributes":{"class":"submit-button btn_action","data-test":"login-button","id":"login-button","name":"login-button","type":"submit","value":"Login"},"childNodeCount":0,"localName":"input","namespaceURI":"http://www.w3.org/1999/xhtml","nodeType":1,"shadowRoot":{"sharedId":"f.10AC112E513271E1B0FBCB455D91359C.d.27F78DDE8108AD022FBADFF5D49A5CCE.e.67","type":"node","value":{"childNodeCount":1,"mode":"closed","nodeType":11}}}}]},"type":"success"}
2024-12-29T06:19:27.102Z INFO webdriver: COMMAND elementClick("f.10AC112E513271E1B0FBCB455D91359C.d.27F78DDE8108AD022FBADFF5D49A5CCE.e.61")
2024-12-29T06:19:27.102Z INFO webdriver: [POST] http://localhost:9515/session/98bdd408fcabd32880110dccc968a6b2/element/f.10AC112E513271E1B0FBCB455D91359C.d.27F78DDE8108AD022FBADFF5D49A5CCE.e.61/click
2024-12-29T06:19:27.173Z INFO webdriver: RESULT null
2024-12-29T06:19:27.176Z INFO webdriver: BIDI COMMAND browsingContext.locateNodes {"locator":{"type":"xpath","value":"//h3[@data-test=\"error\"]"},"context":"10AC112E513271E1B0FBCB455D91359C"}
2024-12-29T06:19:27.181Z INFO webdriver: BIDI RESULT {"id":39,"result":{"nodes":[{"sharedId":"f.10AC112E513271E1B0FBCB455D91359C.d.27F78DDE8108AD022FBADFF5D49A5CCE.e.68","type":"node","value":{"attributes":{"data-test":"error"},"childNodeCount":2,"localName":"h3","namespaceURI":"http://www.w3.org/1999/xhtml","nodeType":1,"shadowRoot":null}}]},"type":"success"}
2024-12-29T06:19:27.182Z INFO webdriver: COMMAND getElementText("f.10AC112E513271E1B0FBCB455D91359C.d.27F78DDE8108AD022FBADFF5D49A5CCE.e.68")
2024-12-29T06:19:27.182Z INFO webdriver: [GET] http://localhost:9515/session/98bdd408fcabd32880110dccc968a6b2/element/f.10AC112E513271E1B0FBCB455D91359C.d.27F78DDE8108AD022FBADFF5D49A5CCE.e.68/text
2024-12-29T06:19:27.193Z INFO webdriver: RESULT Epic sadface: Username and password do not match any user in this service
2024-12-29T06:19:27.194Z INFO webdriver: BIDI COMMAND script.callFunction {"functionDeclaration":"<Function[5574 bytes]>","awaitPromise":true,"arguments":[{"sharedId":"f.10AC112E513271E1B0FBCB455D91359C.d.27F78DDE8108AD022FBADFF5D49A5CCE.e.68"}],"target":{"context":"10AC112E513271E1B0FBCB455D91359C"}}
2024-12-29T06:19:27.201Z INFO webdriver: BIDI RESULT {"id":40,"result":{"realm":"455495004866479967.3954822467522314031","result":{"type":"boolean","value":true},"type":"success"},"type":"success"}
2024-12-29T06:19:27.204Z INFO webdriver: BIDI COMMAND browsingContext.locateNodes {"locator":{"type":"xpath","value":"//button[@class=\"error-button\"]"},"context":"10AC112E513271E1B0FBCB455D91359C"}
2024-12-29T06:19:27.209Z INFO webdriver: BIDI RESULT {"id":41,"result":{"nodes":[{"sharedId":"f.10AC112E513271E1B0FBCB455D91359C.d.27F78DDE8108AD022FBADFF5D49A5CCE.e.69","type":"node","value":{"attributes":{"class":"error-button","data-test":"error-button"},"childNodeCount":1,"localName":"button","namespaceURI":"http://www.w3.org/1999/xhtml","nodeType":1,"shadowRoot":null}}]},"type":"success"}
2024-12-29T06:19:27.210Z INFO webdriver: BIDI COMMAND script.callFunction {"functionDeclaration":"<Function[5574 bytes]>","awaitPromise":true,"arguments":[{"sharedId":"f.10AC112E513271E1B0FBCB455D91359C.d.27F78DDE8108AD022FBADFF5D49A5CCE.e.69"}],"target":{"context":"10AC112E513271E1B0FBCB455D91359C"}}
2024-12-29T06:19:27.216Z INFO webdriver: BIDI RESULT {"id":42,"result":{"realm":"455495004866479967.3954822467522314031","result":{"type":"boolean","value":true},"type":"success"},"type":"success"}
2024-12-29T06:19:27.217Z INFO webdriver: COMMAND elementClick("f.10AC112E513271E1B0FBCB455D91359C.d.27F78DDE8108AD022FBADFF5D49A5CCE.e.69")
2024-12-29T06:19:27.217Z INFO webdriver: [POST] http://localhost:9515/session/98bdd408fcabd32880110dccc968a6b2/element/f.10AC112E513271E1B0FBCB455D91359C.d.27F78DDE8108AD022FBADFF5D49A5CCE.e.69/click
2024-12-29T06:19:27.279Z INFO webdriver: RESULT null
2024-12-29T06:19:27.281Z INFO webdriver: BIDI COMMAND browsingContext.locateNodes {"locator":{"type":"xpath","value":"//h3[@data-test=\"error\"]"},"context":"10AC112E513271E1B0FBCB455D91359C"}
2024-12-29T06:19:27.286Z INFO webdriver: BIDI RESULT {"id":43,"result":{"nodes":[]},"type":"success"}
2024-12-29T06:19:27.287Z INFO webdriver: BIDI COMMAND browsingContext.locateNodes {"locator":{"type":"xpath","value":"//h3[@data-test=\"error\"]"},"context":"10AC112E513271E1B0FBCB455D91359C"}
2024-12-29T06:19:27.291Z INFO webdriver: BIDI RESULT {"id":44,"result":{"nodes":[]},"type":"success"}
2024-12-29T06:19:27.297Z INFO webdriver: COMMAND deleteSession()
2024-12-29T06:19:27.297Z INFO webdriver: [DELETE] http://localhost:9515/session/98bdd408fcabd32880110dccc968a6b2
2024-12-29T06:19:27.392Z INFO webdriver: RESULT null
2024-12-29T06:19:27.392Z INFO webdriver: Close Bidi connection to ws://127.0.0.1:9515/session/98bdd408fcabd32880110dccc968a6b2
